Arguments: 
  C:\Program Files\nodejs\node.exe C:\Program Files\nodejs\node_modules\yarn\bin\yarn.js init

PATH: 
  C:\Users\Yago\bin;C:\Program Files\Git\mingw64\bin;C:\Program Files\Git\usr\local\bin;C:\Program Files\Git\usr\bin;C:\Program Files\Git\usr\bin;C:\Program Files\Git\mingw64\bin;C:\Program Files\Git\usr\bin;C:\Users\Yago\bin;C:\RailsInstaller\Git\cmd;C:\RailsInstaller\Ruby2.1.0\bin;C:\tools\ruby26\bin;C:\Program Files\ImageMagick-7.0.8-Q16;C:\Program Files (x86)\Python37-32\Scripts;C:\Program Files (x86)\Python37-32;C:\Program Files (x86)\Common Files\Intel\Shared Libraries\redist\intel64\compiler;C:\Windows\system32;C:\Windows;C:\Windows\System32\Wbem;C:\Windows\System32\WindowsPowerShell\v1.0;C:\Windows\System32\OpenSSH;C:\Users\Yago\AppData\Roaming\nvm;C:\Program Files\nodejs;C:\Users\Yago\AppData\Roaming\nvm;C:\Program Files\nodejs;C:\Program Files\Microsoft VS Code\bin;C:\Users\Yago\AppData\Roaming\Python\Python37\Scripts;C:\Users\Yago\AppData\Roaming\nvm;C:\Program Files\nodejs;C:\Program Files\Git\cmd;C:\path;C:\Program Files\PuTTY;C:\adb\platform-tools;C:\Program Files (x86)\NVIDIA Corporation\PhysX\Common;C:\Program Files\NVIDIA Corporation\NVIDIA NvDLISR;C:\ffmpeg\bin;C:\Program Files\curl\bin;C:\ProgramData\chocolatey\bin;C:\RailsInstaller\Git\cmd;C:\RailsInstaller\Ruby2.3.3\bin;C:\Users\Yago\AppData\Roaming\nvm\v11.1.0\node_modules\npm\node_modules\npm-lifecycle\node-gyp-bin;C:\Program Files\nodejs\node_modules\windows-build-tools\node_modules\.bin;C:\Program Files\nodejs\node_modules\.bin;C:\Program Files (x86)\Python37-32\Scripts;C:\Program Files (x86)\Python37-32;C:\Program Files (x86)\Common Files\Intel\Shared Libraries\redist\intel64\compiler;C:\Windows\system32;C:\Windows;C:\Windows\System32\Wbem;C:\Windows\System32\WindowsPowerShell\v1.0;C:\Windows\System32\OpenSSH;C:\Program Files (x86)\NVIDIA Corporation\PhysX\Common;C:\Users\Yago\AppData\Roaming\nvm;C:\Program Files\nodejs;C:\Users\Yago\AppData\Roaming\nvm;C:\Program Files\nodejs;C:\Program Files\Microsoft VS Code\bin;C:\Users\Yago\AppData\Roaming\Python\Python37\Scripts;C:\Users\Yago\AppData\Roaming\nvm;C:\Program Files\nodejs;C:\Program Files\Git\cmd;C:\Users\Yago\AppData\Local\Microsoft\WindowsApps;C:\path;C:\Users\Yago\AppData\Local\atom\bin;C:\Program Files\Docker Toolbox;C:\Program Files\Git\usr\bin\vendor_perl;C:\Program Files\Git\usr\bin\core_perl

Yarn version: 
  1.12.1

Node version: 
  11.1.0

Platform: 
  win32 x64

Trace: 
  Error: Can't answer a question unless a user TTY
      at ConsoleReporter.question (C:\Users\Yago\AppData\Roaming\nvm\v11.1.0\node_modules\yarn\lib\cli.js:85041:59)
      at Object.<anonymous> (C:\Users\Yago\AppData\Roaming\nvm\v11.1.0\node_modules\yarn\lib\cli.js:77630:38)
      at Generator.next (<anonymous>)
      at step (C:\Users\Yago\AppData\Roaming\nvm\v11.1.0\node_modules\yarn\lib\cli.js:92:30)
      at C:\Users\Yago\AppData\Roaming\nvm\v11.1.0\node_modules\yarn\lib\cli.js:103:13

npm manifest: 
  No manifest

yarn manifest: 
  No manifest

Lockfile: 
  No lockfile
